Removed Pin From Net: NetName=GPIO_06 Pin=J3-3
Removed Pin From Net: NetName=GPIO_19 Pin=J3-5
Removed Pin From Net: NetName=I2C_SDA Pin=J3-6
Removed Pin From Net: NetName=I2C_SCL Pin=J3-7
Removed Pin From Net: NetName=TXD Pin=J3-8
Removed Pin From Net: NetName=RXD Pin=J3-9
Added Component: Designator=P4(TE CONNECTIVITY_4PIN_MALE)
Add component. Clean all parameters for all variants
Add component (AddParameter): Name = "Manufacturer"; Value = "TE CONNECTIVITY / AMP"; VariantName = "[No Variations]"
Add component (AddParameter): Name = "Manufacturer Part Number 1"; Value = "281695-3"; VariantName = "[No Variations]"
Add component (AddParameter): Name = "Order Code 1"; Value = "1205983"; VariantName = "[No Variations]"
Add component (AddParameter): Name = "Price 1"; Value = "£0.403"; VariantName = "[No Variations]"
Add component (AddParameter): Name = "Supplier 1"; Value = "uk.farnell.com"; VariantName = "[No Variations]"
Added Component: Designator=P5(TE CONNECTIVITY_4PIN_MALE)
Add component. Clean all parameters for all variants
Add component (AddParameter): Name = "Manufacturer"; Value = "TE CONNECTIVITY / AMP"; VariantName = "[No Variations]"
Add component (AddParameter): Name = "Manufacturer Part Number 1"; Value = "281695-3"; VariantName = "[No Variations]"
Add component (AddParameter): Name = "Order Code 1"; Value = "1205983"; VariantName = "[No Variations]"
Add component (AddParameter): Name = "Price 1"; Value = "£0.403"; VariantName = "[No Variations]"
Add component (AddParameter): Name = "Supplier 1"; Value = "uk.farnell.com"; VariantName = "[No Variations]"
Added Component: Designator=P6(TE CONNECTIVITY_4PIN_MALE)
Add component. Clean all parameters for all variants
Add component (AddParameter): Name = "Manufacturer"; Value = "TE CONNECTIVITY / AMP"; VariantName = "[No Variations]"
Add component (AddParameter): Name = "Manufacturer Part Number 1"; Value = "281695-3"; VariantName = "[No Variations]"
Add component (AddParameter): Name = "Order Code 1"; Value = "1205983"; VariantName = "[No Variations]"
Add component (AddParameter): Name = "Price 1"; Value = "£0.403"; VariantName = "[No Variations]"
Add component (AddParameter): Name = "Supplier 1"; Value = "uk.farnell.com"; VariantName = "[No Variations]"
Added Component: Designator=P7(TE CONNECTIVITY_4PIN_MALE)
Add component. Clean all parameters for all variants
Add component (AddParameter): Name = "Manufacturer"; Value = "TE CONNECTIVITY / AMP"; VariantName = "[No Variations]"
Add component (AddParameter): Name = "Manufacturer Part Number 1"; Value = "281695-3"; VariantName = "[No Variations]"
Add component (AddParameter): Name = "Order Code 1"; Value = "1205983"; VariantName = "[No Variations]"
Add component (AddParameter): Name = "Price 1"; Value = "£0.403"; VariantName = "[No Variations]"
Add component (AddParameter): Name = "Supplier 1"; Value = "uk.farnell.com"; VariantName = "[No Variations]"
Added Component: Designator=P8(TE CONNECTIVITY_4PIN_MALE)
Add component. Clean all parameters for all variants
Add component (AddParameter): Name = "Manufacturer"; Value = "TE CONNECTIVITY / AMP"; VariantName = "[No Variations]"
Add component (AddParameter): Name = "Manufacturer Part Number 1"; Value = "281695-3"; VariantName = "[No Variations]"
Add component (AddParameter): Name = "Order Code 1"; Value = "1205983"; VariantName = "[No Variations]"
Add component (AddParameter): Name = "Price 1"; Value = "£0.403"; VariantName = "[No Variations]"
Add component (AddParameter): Name = "Supplier 1"; Value = "uk.farnell.com"; VariantName = "[No Variations]"
Added Pin To Net: NetName=GPIO_06 Pin=J3-2
Added Pin To Net: NetName=GPIO_19 Pin=J3-6
Added Pin To Net: NetName=VCC-3V3 Pin=P4-1
Added Pin To Net: NetName=GND Pin=P4-4
Added Pin To Net: NetName=VCC-3V3 Pin=P5-1
Added Pin To Net: NetName=GND Pin=P5-4
Added Pin To Net: NetName=VCC-3V3 Pin=P6-1
Added Pin To Net: NetName=GND Pin=P6-4
Added Pin To Net: NetName=VCC-3V3 Pin=P7-1
Added Pin To Net: NetName=RXD Pin=P7-2
Added Pin To Net: NetName=TXD Pin=P7-3
Added Pin To Net: NetName=GND Pin=P7-4
Added Pin To Net: NetName=GND Pin=P8-1
Added Pin To Net: NetName=VCC-3V3 Pin=P8-2
Added Pin To Net: NetName=I2C_SDA Pin=P8-3
Added Pin To Net: NetName=I2C_SCL Pin=P8-4
Added Pin To Net: NetName=GPIO_16 Pin=J1-36
Added Pin To Net: NetName=GPIO_16 Pin=J3-3
Added Net: Name=GPIO_16
Added Pin To Net: NetName=GPIO_17 Pin=J1-11
Added Pin To Net: NetName=GPIO_17 Pin=J3-4
Added Net: Name=GPIO_17
Added Pin To Net: NetName=GPIO_18 Pin=J1-12
Added Pin To Net: NetName=GPIO_18 Pin=J3-5
Added Net: Name=GPIO_18
Added Pin To Net: NetName=GPIO_20 Pin=J1-38
Added Pin To Net: NetName=GPIO_20 Pin=J3-7
Added Net: Name=GPIO_20
Added Pin To Net: NetName=GPIO_21 Pin=J1-40
Added Pin To Net: NetName=GPIO_21 Pin=J3-8
Added Net: Name=GPIO_21
Added Pin To Net: NetName=GPIO_26 Pin=J1-37
Added Pin To Net: NetName=GPIO_26 Pin=J3-9
Added Net: Name=GPIO_26
Added Pin To Net: NetName=RX2 Pin=J1-28
Added Pin To Net: NetName=RX2 Pin=P4-2
Added Net: Name=RX2
Added Pin To Net: NetName=RX3 Pin=J1-29
Added Pin To Net: NetName=RX3 Pin=P5-2
Added Net: Name=RX3
Added Pin To Net: NetName=RX5 Pin=J1-33
Added Pin To Net: NetName=RX5 Pin=P6-2
Added Net: Name=RX5
Added Pin To Net: NetName=TX2 Pin=J1-27
Added Pin To Net: NetName=TX2 Pin=P4-3
Added Net: Name=TX2
Added Pin To Net: NetName=TX3 Pin=J1-7
Added Pin To Net: NetName=TX3 Pin=P5-3
Added Net: Name=TX3
Added Pin To Net: NetName=TX5 Pin=J1-32
Added Pin To Net: NetName=TX5 Pin=P6-3
Added Net: Name=TX5
Change Class Name : Old Net Name=PI_CAN_Interface_v2 New Net Name=PI_CAN_Interface_v3
Added Member To Class: ClassName=PI_CAN_Interface_v3 Member=Component P4 TE CONNECTIVITY_4PIN_MALE
Added Member To Class: ClassName=PI_CAN_Interface_v3 Member=Component P5 TE CONNECTIVITY_4PIN_MALE
Added Member To Class: ClassName=PI_CAN_Interface_v3 Member=Component P6 TE CONNECTIVITY_4PIN_MALE
Added Member To Class: ClassName=PI_CAN_Interface_v3 Member=Component P7 TE CONNECTIVITY_4PIN_MALE
Added Member To Class: ClassName=PI_CAN_Interface_v3 Member=Component P8 TE CONNECTIVITY_4PIN_MALE
