Added Component: Designator=P4(TE CONNECTIVITY_4PIN_MALE)
Add component. Clean all parameters for all variants
Add component (AddParameter): Name = "Manufacturer"; Value = "TE CONNECTIVITY / AMP"; VariantName = "[No Variations]"
Add component (AddParameter): Name = "Manufacturer Part Number 1"; Value = "281695-3"; VariantName = "[No Variations]"
Add component (AddParameter): Name = "Order Code 1"; Value = "1205983"; VariantName = "[No Variations]"
Add component (AddParameter): Name = "Price 1"; Value = "£0.403"; VariantName = "[No Variations]"
Add component (AddParameter): Name = "Supplier 1"; Value = "uk.farnell.com"; VariantName = "[No Variations]"
Added Component: Designator=P5(TE CONNECTIVITY_4PIN_MALE)
Add component. Clean all parameters for all variants
Add component (AddParameter): Name = "Manufacturer"; Value = "TE CONNECTIVITY / AMP"; VariantName = "[No Variations]"
Add component (AddParameter): Name = "Manufacturer Part Number 1"; Value = "281695-3"; VariantName = "[No Variations]"
Add component (AddParameter): Name = "Order Code 1"; Value = "1205983"; VariantName = "[No Variations]"
Add component (AddParameter): Name = "Price 1"; Value = "£0.403"; VariantName = "[No Variations]"
Add component (AddParameter): Name = "Supplier 1"; Value = "uk.farnell.com"; VariantName = "[No Variations]"
Added Component: Designator=P6(TE CONNECTIVITY_4PIN_MALE)
Add component. Clean all parameters for all variants
Add component (AddParameter): Name = "Manufacturer"; Value = "TE CONNECTIVITY / AMP"; VariantName = "[No Variations]"
Add component (AddParameter): Name = "Manufacturer Part Number 1"; Value = "281695-3"; VariantName = "[No Variations]"
Add component (AddParameter): Name = "Order Code 1"; Value = "1205983"; VariantName = "[No Variations]"
Add component (AddParameter): Name = "Price 1"; Value = "£0.403"; VariantName = "[No Variations]"
Add component (AddParameter): Name = "Supplier 1"; Value = "uk.farnell.com"; VariantName = "[No Variations]"
Added Component: Designator=P7(TE CONNECTIVITY_4PIN_MALE)
Add component. Clean all parameters for all variants
Add component (AddParameter): Name = "Manufacturer"; Value = "TE CONNECTIVITY / AMP"; VariantName = "[No Variations]"
Add component (AddParameter): Name = "Manufacturer Part Number 1"; Value = "281695-3"; VariantName = "[No Variations]"
Add component (AddParameter): Name = "Order Code 1"; Value = "1205983"; VariantName = "[No Variations]"
Add component (AddParameter): Name = "Price 1"; Value = "£0.403"; VariantName = "[No Variations]"
Add component (AddParameter): Name = "Supplier 1"; Value = "uk.farnell.com"; VariantName = "[No Variations]"
Added Component: Designator=P8(TE CONNECTIVITY_4PIN_MALE)
Add component. Clean all parameters for all variants
Add component (AddParameter): Name = "Manufacturer"; Value = "TE CONNECTIVITY / AMP"; VariantName = "[No Variations]"
Add component (AddParameter): Name = "Manufacturer Part Number 1"; Value = "281695-3"; VariantName = "[No Variations]"
Add component (AddParameter): Name = "Order Code 1"; Value = "1205983"; VariantName = "[No Variations]"
Add component (AddParameter): Name = "Price 1"; Value = "£0.403"; VariantName = "[No Variations]"
Add component (AddParameter): Name = "Supplier 1"; Value = "uk.farnell.com"; VariantName = "[No Variations]"
Added Pin To Net: NetName=VCC-3V3 Pin=P4-1
Added Pin To Net: NetName=RX2 Pin=P4-2
Added Pin To Net: NetName=TX2 Pin=P4-3
Added Pin To Net: NetName=GND Pin=P4-4
Added Pin To Net: NetName=VCC-3V3 Pin=P5-1
Added Pin To Net: NetName=RX3 Pin=P5-2
Added Pin To Net: NetName=TX3 Pin=P5-3
Added Pin To Net: NetName=GND Pin=P5-4
Added Pin To Net: NetName=VCC-3V3 Pin=P6-1
Added Pin To Net: NetName=RX5 Pin=P6-2
Added Pin To Net: NetName=TX5 Pin=P6-3
Added Pin To Net: NetName=GND Pin=P6-4
Added Pin To Net: NetName=VCC-3V3 Pin=P7-1
Added Pin To Net: NetName=RXD Pin=P7-2
Added Pin To Net: NetName=TXD Pin=P7-3
Added Pin To Net: NetName=GND Pin=P7-4
Added Pin To Net: NetName=GND Pin=P8-1
Added Pin To Net: NetName=VCC-3V3 Pin=P8-2
Added Pin To Net: NetName=I2C_SDA Pin=P8-3
Added Pin To Net: NetName=I2C_SCL Pin=P8-4
Added Member To Class: ClassName=PI_CAN_Interface_v3 Member=Component P4 TE CONNECTIVITY_4PIN_MALE
Added Member To Class: ClassName=PI_CAN_Interface_v3 Member=Component P5 TE CONNECTIVITY_4PIN_MALE
Added Member To Class: ClassName=PI_CAN_Interface_v3 Member=Component P6 TE CONNECTIVITY_4PIN_MALE
Added Member To Class: ClassName=PI_CAN_Interface_v3 Member=Component P7 TE CONNECTIVITY_4PIN_MALE
Added Member To Class: ClassName=PI_CAN_Interface_v3 Member=Component P8 TE CONNECTIVITY_4PIN_MALE
