Removed Pin From Net: NetName=NetC5_2 Pin=D1-1
Removed Pin From Net: NetName=NetC5_2 Pin=L1-1
Removed Pin From Net: NetName=NetC5_2 Pin=L1-1
Added Component: Designator=R5(RESC2013X38N-0805-NOOVERLAY)
Add component. Clean all parameters for all variants
Add component (AddParameter): Name = "Assembly"; Value = "SMD"; VariantName = "[No Variations]"
Add component (AddParameter): Name = "Barcode"; Value = "00009101"; VariantName = "[No Variations]"
Add component (AddParameter): Name = "Power"; Value = "0.125W, 1/8W"; VariantName = "[No Variations]"
Add component (AddParameter): Name = "Resistance"; Value = "220R"; VariantName = "[No Variations]"
Added Component: Designator=R6(RESC2013X38N-0805-NOOVERLAY)
Add component. Clean all parameters for all variants
Add component (AddParameter): Name = "Assembly"; Value = "SMD"; VariantName = "[No Variations]"
Add component (AddParameter): Name = "Barcode"; Value = "00009101"; VariantName = "[No Variations]"
Add component (AddParameter): Name = "Power"; Value = "0.125W, 1/8W"; VariantName = "[No Variations]"
Add component (AddParameter): Name = "Resistance"; Value = "820R"; VariantName = "[No Variations]"
Added Component: Designator=R7(RESC2013X38N-0805-NOOVERLAY)
Add component. Clean all parameters for all variants
Add component (AddParameter): Name = "Assembly"; Value = "SMD"; VariantName = "[No Variations]"
Add component (AddParameter): Name = "Barcode"; Value = "00009101"; VariantName = "[No Variations]"
Add component (AddParameter): Name = "Power"; Value = "0.125W, 1/8W"; VariantName = "[No Variations]"
Add component (AddParameter): Name = "Resistance"; Value = "2.2K"; VariantName = "[No Variations]"
Added Component: Designator=U3(HSOP-8)
Add component. Clean all parameters for all variants
Added Pin To Net: NetName=NetC5_1 Pin=D1-1
Added Pin To Net: NetName=NetC5_1 Pin=L1-1
Added Pin To Net: NetName=NetC5_1 Pin=L1-1
Added Pin To Net: NetName=NetR3_1 Pin=R5-2
Added Pin To Net: NetName=GND Pin=R7-1
Added Pin To Net: NetName=NetC5_2 Pin=U3-1
Added Pin To Net: NetName=NetR3_1 Pin=U3-4
Added Pin To Net: NetName=NetR2_1 Pin=U3-5
Added Pin To Net: NetName=GND Pin=U3-6
Added Pin To Net: NetName=NetC6_2 Pin=U3-7
Added Pin To Net: NetName=NetC5_1 Pin=U3-8
Added Pin To Net: NetName=GND Pin=U3-9
Added Pin To Net: NetName=NetR5_1 Pin=R5-1
Added Pin To Net: NetName=NetR5_1 Pin=R6-2
Added Net: Name=NetR5_1
Added Pin To Net: NetName=NetR6_1 Pin=R6-1
Added Pin To Net: NetName=NetR6_1 Pin=R7-2
Added Net: Name=NetR6_1
Added Member To Class: ClassName=PI_CAN_Interface_v2 Member=Component R5 220R
Added Member To Class: ClassName=PI_CAN_Interface_v2 Member=Component R6 820R
Added Member To Class: ClassName=PI_CAN_Interface_v2 Member=Component R7 2.2K
Added Member To Class: ClassName=PI_CAN_Interface_v2 Member=Component U3 TPS5430
