Removed Pin From Net: NetName=GND Pin=C7-1
Removed Pin From Net: NetName=NetC6_2 Pin=C7-2
Removed Pin From Net: NetName=GND Pin=C8-1
Removed Pin From Net: NetName=VCC-5V Pin=C8-2
Removed Pin From Net: NetName=GND Pin=C9-1
Removed Pin From Net: NetName=GND Pin=C10-1
Removed Pin From Net: NetName=GND Pin=R5-1
Removed Pin From Net: NetName=GND Pin=R8-1
Removed Pin From Net: NetName=NetC6_2 Pin=U3-2
Removed Pin From Net: NetName=NetR2_1 Pin=U3-3
Removed Pin From Net: NetName=NetR3_1 Pin=U3-5
Removed Pin From Net: NetName=GND Pin=U3-7
Removed Member From Class: ClassName=PI_CAN_Interface_v2 Member=C8
Removed Member From Class: ClassName=PI_CAN_Interface_v2 Member=C9
Removed Member From Class: ClassName=PI_CAN_Interface_v2 Member=C10
Removed Member From Class: ClassName=PI_CAN_Interface_v2 Member=R5
Removed Member From Class: ClassName=PI_CAN_Interface_v2 Member=R6
Removed Member From Class: ClassName=PI_CAN_Interface_v2 Member=R8
Change Component Footprint: Designator=C7 Old Footprint=CER_1210 New Footprint=TANT_1210
Change Component Comment : Designator=C6 Old Comment=2.2uF New Comment=10uF
Change Component Comment : Designator=C7 Old Comment=2.2uF New Comment=220uF
Change Component Comment : Designator=R7 Old Comment=9.1k New Comment=3.24k
Change Component Comment : Designator=L1 Old Comment=10uH New Comment=15uH
Change Component Comment : Designator=R3 Old Comment=51k New Comment=10k
Change Component Comment : Designator=C5 Old Comment=100n New Comment=0.01uF
Change Component Comment : Designator=D1 Old Comment=B360B New Comment=B340A
Change Component Comment : Designator=U3 Old Comment=TPS54340 New Comment=TPS5430
Change component parameters: Designator = "C5"; Footprint = "CER_0603"; UniqueID = "\GPLVWEKO"
Change component parameters. Clean all parameters for all variants
Change component parameters (AddParameter): Name = "Capacitance"; Value = "0.01uF"; VariantName = "[No Variations]"
Change component parameters: Designator = "C6"; Footprint = "CER_1210"; UniqueID = "\BWBWIVAG"
Change component parameters. Clean all parameters for all variants
Change component parameters (AddParameter): Name = "Capacitance"; Value = "10uF"; VariantName = "[No Variations]"
Change component parameters: Designator = "C7"; Footprint = "TANT_1210"; UniqueID = "\WVZUTTKL"
Change component parameters. Clean all parameters for all variants
Change component parameters (AddParameter): Name = "Capacitance"; Value = "220uF"; VariantName = "[No Variations]"
Change component parameters: Designator = "L1"; Footprint = "INDUCTOR_SS1260-103MLD"; UniqueID = "\SLNWRMEE"
Change component parameters. Clean all parameters for all variants
Change component parameters (AddParameter): Name = "Assembly"; Value = "SMD"; VariantName = "[No Variations]"
Change component parameters (AddParameter): Name = "Category"; Value = "Inductors, Coils, Chokes"; VariantName = "[No Variations]"
Change component parameters (AddParameter): Name = "Current Rating"; Value = "3A"; VariantName = "[No Variations]"
Change component parameters (AddParameter): Name = "Datasheet URL"; Value = "http://www.mouser.com/ds/2/597/MSS7348-1076571.pdf"; VariantName = "[No Variations]"
Change component parameters (AddParameter): Name = "DC Resistance"; Value = "45mOhm"; VariantName = "[No Variations]"
Change component parameters (AddParameter): Name = "Family"; Value = "INDUCTOR"; VariantName = "[No Variations]"
Change component parameters (AddParameter): Name = "Inductance"; Value = "15uH"; VariantName = "[No Variations]"
Change component parameters (AddParameter): Name = "Manufacturer"; Value = "Coilcraft"; VariantName = "[No Variations]"
Change component parameters (AddParameter): Name = "Manufacturer Part Number"; Value = "XAL7030-103MEB"; VariantName = "[No Variations]"
Change component parameters (AddParameter): Name = "Package Case"; Value = "8x8mm"; VariantName = "[No Variations]"
Change component parameters (AddParameter): Name = "Part Type"; Value = "Inductor, Transf, Filter, Ferrite"; VariantName = "[No Variations]"
Change component parameters (AddParameter): Name = "Product Page Mouser"; Value = "https://eu.mouser.com/ProductDetail/Coilcraft/MSS7348-103MEB/?qs=sGAEpiMZZMsg%252by3WlYCkU%252bbmGPYv72aIHZue6QQJkp0%3d"; VariantName = "[No Variations]"
Change component parameters (AddParameter): Name = "Tolerance"; Value = "20%"; VariantName = "[No Variations]"
Change component parameters: Designator = "D1"; Footprint = "DO214AC"; UniqueID = "\PBBSQIVO"
Change component parameters. Clean all parameters for all variants
Change component parameters (AddParameter): Name = "Assembly"; Value = "SMD"; VariantName = "[No Variations]"
Change component parameters (AddParameter): Name = "Barcode"; Value = "0100000007488"; VariantName = "[No Variations]"
Change component parameters (AddParameter): Name = "Category"; Value = "Discrete Semiconductor Products"; VariantName = "[No Variations]"
Change component parameters (AddParameter): Name = "Current  Average Rectified"; Value = "3A"; VariantName = "[No Variations]"
Change component parameters (AddParameter): Name = "Datasheet URL"; Value = "http://www.vishay.com/docs/88896/b330la.pdf"; VariantName = "[No Variations]"
Change component parameters (AddParameter): Name = "Diode Type"; Value = "Schottky"; VariantName = "[No Variations]"
Change component parameters (AddParameter): Name = "Family"; Value = "DIODE"; VariantName = "[No Variations]"
Change component parameters (AddParameter): Name = "id"; Value = "62"; VariantName = "[No Variations]"
Change component parameters (AddParameter): Name = "item_id"; Value = "1025"; VariantName = "[No Variations]"
Change component parameters (AddParameter): Name = "Manufacturer"; Value = "Vishay Semiconductor Diodes Division"; VariantName = "[No Variations]"
Change component parameters (AddParameter): Name = "Manufacturer Part Number"; Value = "B340A"; VariantName = "[No Variations]"
Change component parameters (AddParameter): Name = "Package Case"; Value = "DO-214AC, SMA"; VariantName = "[No Variations]"
Change component parameters (AddParameter): Name = "Part Type"; Value = "Discrete Semiconductors"; VariantName = "[No Variations]"
Change component parameters (AddParameter): Name = "Recommended Rating"; Value = "Silver"; VariantName = "[No Variations]"
Change component parameters (AddParameter): Name = "Speed"; Value = "Fast Recovery =< 500ns, > 200mA (Io)"; VariantName = "[No Variations]"
Change component parameters (AddParameter): Name = "Voltage  DC Reverse"; Value = "60V"; VariantName = "[No Variations]"
Change component parameters (AddParameter): Name = "Voltage  Forward"; Value = "550mV @ 3A"; VariantName = "[No Variations]"
Change component parameters: Designator = "R3"; Footprint = "RESC2013X38N-0805-NOOVERLAY"; UniqueID = "\VGTVNSKG"
Change component parameters. Clean all parameters for all variants
Change component parameters (AddParameter): Name = "Assembly"; Value = "SMD"; VariantName = "[No Variations]"
Change component parameters (AddParameter): Name = "Barcode"; Value = "00005102"; VariantName = "[No Variations]"
Change component parameters (AddParameter): Name = "Power"; Value = "0.125W, 1/8W"; VariantName = "[No Variations]"
Change component parameters (AddParameter): Name = "Resistance"; Value = "10k"; VariantName = "[No Variations]"
Change component parameters: Designator = "R7"; Footprint = "RESC2013X38N-0805-NOOVERLAY"; UniqueID = "\DCDVORAI"
Change component parameters. Clean all parameters for all variants
Change component parameters (AddParameter): Name = "Assembly"; Value = "SMD"; VariantName = "[No Variations]"
Change component parameters (AddParameter): Name = "Barcode"; Value = "00009101"; VariantName = "[No Variations]"
Change component parameters (AddParameter): Name = "Power"; Value = "0.125W, 1/8W"; VariantName = "[No Variations]"
Change component parameters (AddParameter): Name = "Resistance"; Value = "3.24k"; VariantName = "[No Variations]"
Change component parameters: Designator = "U3"; Footprint = "HSOP-8"; UniqueID = "\WYNLROVC"
Change component parameters. Clean all parameters for all variants
Change component parameters: Designator = "U2"; Footprint = "SOIC-8"; UniqueID = "\YRHKLSUV"
Change component parameters. Clean all parameters for all variants
Change component parameters (AddParameter): Name = "Assembly"; Value = "SMD"; VariantName = "[No Variations]"
Change component parameters (AddParameter): Name = "Barcode"; Value = "00000001"; VariantName = "[No Variations]"
Change component parameters (AddParameter): Name = "Category"; Value = "Integrated Circuits (ICs)"; VariantName = "[No Variations]"
Change component parameters (AddParameter): Name = "Comet Product Page"; Value = "http://store.comet.rs/Catalogue/Product/9057/"; VariantName = "[No Variations]"
Change component parameters (AddParameter): Name = "ComponentLink1Description"; Value = "Datasheet"; VariantName = "[No Variations]"
Change component parameters (AddParameter): Name = "ComponentLink1URL"; Value = "https://drive.google.com/open?id=1nnIt1YdPD-fa76215Pk9yoYp68chwc7j"; VariantName = "[No Variations]"
Change component parameters (AddParameter): Name = "Datasheet Link"; Value = "http://www.ti.com/lit/ds/symlink/sn65hvd232.pdf"; VariantName = "[No Variations]"
Change component parameters (AddParameter): Name = "Family"; Value = "Comunication"; VariantName = "[No Variations]"
Change component parameters (AddParameter): Name = "Manufacturer Part Number"; Value = "SN65HVD230DR"; VariantName = "[No Variations]"
Change component parameters (AddParameter): Name = "Package"; Value = "SOIC-8"; VariantName = "[No Variations]"
Change component parameters (AddParameter): Name = "Supplier 1"; Value = "Digi-Key"; VariantName = "[No Variations]"
Change component parameters (AddParameter): Name = "Supplier 2"; Value = "Mouser"; VariantName = "[No Variations]"
Change component parameters (AddParameter): Name = "Supplier Part Number 1"; Value = "296-11654-6-ND"; VariantName = "[No Variations]"
Change component parameters (AddParameter): Name = "Supplier Part Number 2"; Value = "595-SN65HVD230DR"; VariantName = "[No Variations]"
Added Pin To Net: NetName=VCC-5V Pin=C7-1
Added Pin To Net: NetName=GND Pin=C7-2
Added Pin To Net: NetName=GND Pin=R7-1
Added Pin To Net: NetName=NetR3_1 Pin=U3-4
Added Pin To Net: NetName=NetR2_1 Pin=U3-5
Added Pin To Net: NetName=GND Pin=U3-6
Added Pin To Net: NetName=NetC6_2 Pin=U3-7
Added Room: Name=PI_CAN_Interface_v2
