Removed Pin From Net: NetName=VCC-3V3 Pin=R1-2
Removed Member From Class: ClassName=PI_CAN_Interface_v2 Member=R1
Change Component Comment : Designator=Y1 Old Comment=16MHz New Comment=20MHz
Change Component Comment : Designator=C1 Old Comment=20pF New Comment=22pF
Change Component Comment : Designator=C2 Old Comment=20pF New Comment=22pF
Change component parameters: Designator = "C1"; Footprint = "CER_0603"; UniqueID = "\XMTUBBBL"
Change component parameters. Clean all parameters for all variants
Change component parameters (AddParameter): Name = "Capacitance"; Value = "22pF"; VariantName = "[No Variations]"
Change component parameters: Designator = "C2"; Footprint = "CER_0603"; UniqueID = "\LDLLJQDH"
Change component parameters. Clean all parameters for all variants
Change component parameters (AddParameter): Name = "Capacitance"; Value = "22pF"; VariantName = "[No Variations]"
Change component parameters: Designator = "Y1"; Footprint = "OSCILATOR"; UniqueID = "\POVEKHLX"
Change component parameters. Clean all parameters for all variants
Change component parameters (AddParameter): Name = "LatestRevisionDate"; Value = "17-Jul-2002"; VariantName = "[No Variations]"
Change component parameters (AddParameter): Name = "LatestRevisionNote"; Value = "Re-released for DXP Platform."; VariantName = "[No Variations]"
Change component parameters (AddParameter): Name = "Order Code"; Value = "Q16.000 MHz HC-49SM SMD"; VariantName = "[No Variations]"
Change component parameters (AddParameter): Name = "PackageReference"; Value = "R38"; VariantName = "[No Variations]"
Change component parameters (AddParameter): Name = "Published"; Value = "8-Jun-2000"; VariantName = "[No Variations]"
Change component parameters (AddParameter): Name = "Publisher"; Value = "Altium Limited"; VariantName = "[No Variations]"
Change component parameters (AddParameter): Name = "Supplier"; Value = "Comet.rs"; VariantName = "[No Variations]"
Change component parameters (AddParameter): Name = "Value"; Value = "20MHz"; VariantName = "[No Variations]"
Added Component: Designator=U1(SOIC14-300)
Add component. Clean all parameters for all variants
Added Pin To Net: NetName=NetLED1_1 Pin=U1-1
Added Pin To Net: NetName=NetLED2_1 Pin=U1-2
Added Pin To Net: NetName=NetC2_2 Pin=U1-5
Added Pin To Net: NetName=NetC1_2 Pin=U1-6
Added Pin To Net: NetName=GND Pin=U1-7
Added Pin To Net: NetName=VCC-3V3 Pin=U1-14
Added Pin To Net: NetName=I\N\T\ Pin=J1-22
Added Pin To Net: NetName=I\N\T\ Pin=U1-4
Added Net: Name=I\N\T\
Added Pin To Net: NetName=SPI_DI Pin=J1-19
Added Pin To Net: NetName=SPI_DI Pin=U1-11
Added Net: Name=SPI_DI
Added Pin To Net: NetName=SPI_DO Pin=J1-21
Added Pin To Net: NetName=SPI_DO Pin=U1-12
Added Net: Name=SPI_DO
Added Pin To Net: NetName=SPI_nCS Pin=J1-24
Added Pin To Net: NetName=SPI_nCS Pin=U1-13
Added Net: Name=SPI_nCS
Added Pin To Net: NetName=SPI_SCK Pin=J1-23
Added Pin To Net: NetName=SPI_SCK Pin=U1-10
Added Net: Name=SPI_SCK
Added Member To Class: ClassName=PI_CAN_Interface_v2 Member=Component U1 MCP2518FD
